2026-07-07T13:41:09.780Z	Initializing build environment...
2026-07-07T13:41:09.780Z	Initializing build environment...
2026-07-07T13:42:18.806Z	Success: Finished initializing build environment
2026-07-07T13:42:19.416Z	Cloning repository...
2026-07-07T13:42:22.859Z	Restoring from dependencies cache
2026-07-07T13:42:22.861Z	Restoring from build output cache
2026-07-07T13:42:25.980Z	Success: Build output restored from build cache.
2026-07-07T13:42:27.896Z	Detected the following tools from environment: pnpm@9.14.4, nodejs@22.16.0
2026-07-07T13:42:35.581Z	Success: Dependencies restored from build cache.
2026-07-07T13:42:35.596Z	Installing project dependencies: pnpm install --frozen-lockfile
2026-07-07T13:42:36.506Z	Lockfile is up to date, resolution step is skipped
2026-07-07T13:42:36.601Z	Progress: resolved 1, reused 0, downloaded 0, added 0
2026-07-07T13:42:36.783Z	Packages: +1171
2026-07-07T13:42:36.783Z	++++++++++++++++++++++++++++++++++++++++++++++++++++++++++++++++++++++++++++++++
2026-07-07T13:42:37.602Z	Progress: resolved 1171, reused 665, downloaded 0, added 0
2026-07-07T13:42:38.603Z	Progress: resolved 1171, reused 1171, downloaded 0, added 141
2026-07-07T13:42:39.604Z	Progress: resolved 1171, reused 1171, downloaded 0, added 845
2026-07-07T13:42:40.012Z	Progress: resolved 1171, reused 1171, downloaded 0, added 1171, done
2026-07-07T13:42:47.829Z	
2026-07-07T13:42:47.830Z	dependencies:
2026-07-07T13:42:47.830Z	+ @astrojs/check 0.9.9
2026-07-07T13:42:47.830Z	+ @astrojs/cloudflare 14.0.0
2026-07-07T13:42:47.830Z	+ @astrojs/compiler-rs 0.2.2
2026-07-07T13:42:47.831Z	+ @astrojs/markdown-remark 7.2.0
2026-07-07T13:42:47.831Z	+ @astrojs/markdown-satteri 0.3.2
2026-07-07T13:42:47.831Z	+ @astrojs/mdx 7.0.0
2026-07-07T13:42:47.831Z	+ @astrojs/rss 4.0.18
2026-07-07T13:42:47.832Z	+ @astrojs/sitemap 3.7.3
2026-07-07T13:42:47.832Z	+ @astrojs/svelte 9.0.0
2026-07-07T13:42:47.832Z	+ @expressive-code/plugin-collapsible-sections 0.43.1
2026-07-07T13:42:47.832Z	+ @expressive-code/plugin-line-numbers 0.43.1
2026-07-07T13:42:47.832Z	+ @fancyapps/ui 6.1.14
2026-07-07T13:42:47.832Z	+ @fontsource-variable/jetbrains-mono 5.2.8
2026-07-07T13:42:47.832Z	+ @iconify-json/fa7-brands 1.2.2
2026-07-07T13:42:47.832Z	+ @iconify-json/fa7-regular 1.2.3
2026-07-07T13:42:47.832Z	+ @iconify-json/fa7-solid 1.2.4
2026-07-07T13:42:47.832Z	+ @iconify-json/material-symbols 1.2.79
2026-07-07T13:42:47.832Z	+ @iconify-json/mingcute 1.2.7
2026-07-07T13:42:47.835Z	+ @iconify-json/simple-icons 1.2.86
2026-07-07T13:42:47.835Z	+ @iconify/utils 3.1.3
2026-07-07T13:42:47.835Z	+ @napi-rs/wasm-runtime 1.1.5
2026-07-07T13:42:47.835Z	+ @swup/astro 1.8.0
2026-07-07T13:42:47.835Z	+ @tailwindcss/typography 0.5.20
2026-07-07T13:42:47.835Z	+ astro 7.0.2
2026-07-07T13:42:47.835Z	+ astro-expressive-code 0.43.1
2026-07-07T13:42:47.835Z	+ astro-icon 1.1.5
2026-07-07T13:42:47.835Z	+ ci-info 4.4.0
2026-07-07T13:42:47.835Z	+ dayjs 1.11.21
2026-07-07T13:42:47.835Z	+ expressive-code-collapsible 0.1.0
2026-07-07T13:42:47.835Z	+ expressive-code-language-badge 1.1.0
2026-07-07T13:42:47.835Z	+ glob 11.1.0
2026-07-07T13:42:47.835Z	+ hastscript 9.0.1
2026-07-07T13:42:47.835Z	+ katex 0.17.0
2026-07-07T13:42:47.835Z	+ l2d-widget 0.1.0
2026-07-07T13:42:47.835Z	+ mdast-util-to-string 4.0.0
2026-07-07T13:42:47.835Z	+ pagefind 1.5.2
2026-07-07T13:42:47.836Z	+ pako 2.1.0
2026-07-07T13:42:47.836Z	+ qrcode 1.5.4
2026-07-07T13:42:47.836Z	+ reading-time 1.5.0
2026-07-07T13:42:47.836Z	+ rehype-autolink-headings 7.1.0
2026-07-07T13:42:47.836Z	+ rehype-callouts 2.2.0
2026-07-07T13:42:47.836Z	+ rehype-components 0.3.0
2026-07-07T13:42:47.836Z	+ rehype-katex 7.0.1
2026-07-07T13:42:47.836Z	+ rehype-slug 6.0.0
2026-07-07T13:42:47.836Z	+ remark-admonition-to-blockquote-callout 1.0.0
2026-07-07T13:42:47.836Z	+ remark-directive 3.0.1
2026-07-07T13:42:47.836Z	+ remark-math 6.0.0
2026-07-07T13:42:47.836Z	+ remark-sectionize 2.1.0
2026-07-07T13:42:47.836Z	+ sanitize-html 2.17.5
2026-07-07T13:42:47.836Z	+ satori 0.26.0
2026-07-07T13:42:47.836Z	+ satteri 0.9.1
2026-07-07T13:42:47.836Z	+ sharp 0.35.2
2026-07-07T13:42:47.836Z	+ stylus 0.64.0
2026-07-07T13:42:47.836Z	+ svelte 5.56.3
2026-07-07T13:42:47.836Z	+ typescript 5.9.3
2026-07-07T13:42:47.836Z	+ unist-util-visit 5.1.0
2026-07-07T13:42:47.836Z	+ wrangler 4.102.0
2026-07-07T13:42:47.836Z	
2026-07-07T13:42:47.836Z	devDependencies:
2026-07-07T13:42:47.836Z	+ @astrojs/ts-plugin 1.10.9
2026-07-07T13:42:47.836Z	+ @biomejs/biome 2.5.0
2026-07-07T13:42:47.836Z	+ @iconify-json/mdi 1.2.3
2026-07-07T13:42:47.836Z	+ @iconify-json/svg-spinners 1.2.4
2026-07-07T13:42:47.836Z	+ @tailwindcss/vite 4.3.1
2026-07-07T13:42:47.836Z	+ @types/hast 3.0.4
2026-07-07T13:42:47.836Z	+ @types/mdast 4.0.4
2026-07-07T13:42:47.836Z	+ @types/qrcode 1.5.6
2026-07-07T13:42:47.836Z	+ @types/sanitize-html 2.16.1
2026-07-07T13:42:47.837Z	+ postcss-import 16.1.1
2026-07-07T13:42:47.837Z	+ postcss-nesting 14.0.0
2026-07-07T13:42:47.837Z	+ subset-font 2.5.0
2026-07-07T13:42:47.837Z	+ tailwindcss 4.3.1
2026-07-07T13:42:47.837Z	+ tsx 4.22.4
2026-07-07T13:42:47.837Z	
2026-07-07T13:42:47.851Z	Done in 11.9s
2026-07-07T13:42:48.376Z	Executing user build command: pnpm run build
2026-07-07T13:42:48.843Z	
2026-07-07T13:42:48.843Z	> firefly@6.13.5 build /opt/buildhome/repo
2026-07-07T13:42:48.843Z	> node scripts/generate-icons.js && npx tsx scripts/generate-lqips.ts && astro build && npx tsx scripts/subset-fonts.ts && pagefind --site dist
2026-07-07T13:42:48.843Z	
2026-07-07T13:42:48.918Z	🔍 扫描源文件中的图标使用...
2026-07-07T13:42:48.918Z	
2026-07-07T13:42:48.921Z	📁 找到 21 个源文件
2026-07-07T13:42:48.921Z	
2026-07-07T13:42:48.923Z	🎨 发现 21 个不同的图标:
2026-07-07T13:42:48.923Z	
2026-07-07T13:42:48.923Z	   fa7-solid: 3 个图标
2026-07-07T13:42:48.923Z	   material-symbols: 16 个图标
2026-07-07T13:42:48.923Z	   mdi: 1 个图标
2026-07-07T13:42:48.923Z	   svg-spinners: 1 个图标
2026-07-07T13:42:48.923Z	
2026-07-07T13:42:49.005Z	✅ 成功加载 21 个图标
2026-07-07T13:42:49.013Z	
2026-07-07T13:42:49.013Z	📝 已生成: /opt/buildhome/repo/src/constants/icons.ts
2026-07-07T13:42:49.013Z	📦 文件大小: 12.00 KB
2026-07-07T13:42:49.013Z	
2026-07-07T13:42:50.383Z	Loaded 35 existing entries from src/constants/lqips.json
2026-07-07T13:42:50.407Z	Removed 14 stale entries: src:assets/images/cover.avif, src:assets/images/avatar.avif, src:assets/images/DesktopWallpaper/d6.avif, src:assets/images/DesktopWallpaper/d5.avif, src:assets/images/DesktopWallpaper/d4.avif, src:assets/images/DesktopWallpaper/d3.avif, src:assets/images/DesktopWallpaper/d2.avif, src:assets/images/DesktopWallpaper/d1.avif, src:assets/images/MobileWallpaper/m6.avif, src:assets/images/MobileWallpaper/m5.avif, src:assets/images/MobileWallpaper/m4.avif, src:assets/images/MobileWallpaper/m3.avif, src:assets/images/MobileWallpaper/m2.avif, src:assets/images/MobileWallpaper/m1.avif
2026-07-07T13:42:50.408Z	Found 35 images, 14 new to process.
2026-07-07T13:42:51.611Z	Processing 1/14...Processing 2/14...Processing 3/14...Processing 4/14...Processing 5/14...Processing 6/14...Processing 7/14...Processing 8/14...Processing 9/14...Processing 10/14...Processing 11/14...Processing 12/14...Processing 13/14...Processing 14/14...
2026-07-07T13:42:51.615Z	Done! Processed 14/14 new images. Total: 35. Output: src/constants/lqips.json
2026-07-07T13:42:57.736Z	13:42:57 [content] Syncing content
2026-07-07T13:42:57.882Z	13:42:57 [content] Synced content
2026-07-07T13:42:57.888Z	13:42:57 [types] Generated 1.06s
2026-07-07T13:42:57.890Z	13:42:57 [build] output: "static"
2026-07-07T13:42:57.890Z	13:42:57 [build] mode: "static"
2026-07-07T13:42:57.891Z	13:42:57 [build] directory: /opt/buildhome/repo/dist/
2026-07-07T13:42:57.892Z	13:42:57 [build] Collecting build info...
2026-07-07T13:42:57.893Z	13:42:57 [build] ✓ Completed in 1.29s.
2026-07-07T13:42:57.897Z	13:42:57 [build] Building static entrypoints...
2026-07-07T13:43:05.023Z	13:43:05 [assets] Copying fonts (22 files)...
2026-07-07T13:43:06.853Z	13:43:06 [vite] ✓ built in 8.72s
2026-07-07T13:43:08.035Z	13:43:08 [WARN] [vite] [plugin builtin:vite-reporter] 
2026-07-07T13:43:08.036Z	(!) Some chunks are larger than 500 kB after minification. Consider:
2026-07-07T13:43:08.036Z	- Using dynamic import() to code-split the application
2026-07-07T13:43:08.036Z	- Use build.rolldownOptions.output.codeSplitting to improve chunking: https://rolldown.rs/reference/OutputOptions.codeSplitting
2026-07-07T13:43:08.036Z	- Adjust chunk size limit for this warning via build.chunkSizeWarningLimit.
2026-07-07T13:43:08.037Z	13:43:08 [vite] ✓ built in 1.16s
2026-07-07T13:43:08.043Z	13:43:08 [build] Rearranging server assets...
2026-07-07T13:43:08.122Z	
2026-07-07T13:43:08.122Z	 generating static routes 
2026-07-07T13:43:08.637Z	13:43:08   ├─ /404.html (+109ms) 
2026-07-07T13:43:08.675Z	13:43:08   ├─ /about/index.html (+38ms) 
2026-07-07T13:43:08.683Z	13:43:08   ├─ /anime/index.html[Anime] Fetching Bilibili list for UID: 350544173...
2026-07-07T13:43:08.985Z	[Anime] Fetched 0 items from Bilibili (anime: 0, drama: 0).
2026-07-07T13:43:09.034Z	 (+358ms) 
2026-07-07T13:43:09.038Z	13:43:09   ├─ /api/allPostMeta.json (+5ms) 
2026-07-07T13:43:09.086Z	13:43:09   ├─ /archive/index.html (+47ms) 
2026-07-07T13:43:09.124Z	13:43:09   ├─ /bangumi/index.html (+38ms) 
2026-07-07T13:43:09.152Z	13:43:09   ├─ /categories/index.html (+28ms) 
2026-07-07T13:43:09.187Z	13:43:09 [ERROR] TypeError: Cannot read properties of undefined (reading 'replace')
2026-07-07T13:43:09.188Z	    at file:///opt/buildhome/repo/dist/.prerender/chunks/friends_HDDKNEFp.mjs:114:64
2026-07-07T13:43:09.188Z	    at Array.map (<anonymous>)
2026-07-07T13:43:09.188Z	    at _createMdxContent (file:///opt/buildhome/repo/dist/.prerender/chunks/friends_HDDKNEFp.mjs:102:10)
2026-07-07T13:43:09.188Z	    at MDXContent (file:///opt/buildhome/repo/dist/.prerender/chunks/friends_HDDKNEFp.mjs:303:7)
2026-07-07T13:43:09.188Z	    at Object.Content [as type] (file:///opt/buildhome/repo/dist/.prerender/chunks/friends_HDDKNEFp.mjs:307:31)
2026-07-07T13:43:09.188Z	    at renderJSXVNode (file:///opt/buildhome/repo/dist/.prerender/chunks/server_CWV0dHEJ.mjs:7020:33)
2026-07-07T13:43:09.188Z	    at renderJSX (file:///opt/buildhome/repo/dist/.prerender/chunks/server_CWV0dHEJ.mjs:6985:9)
2026-07-07T13:43:09.188Z	    at handleVNode (file:///opt/buildhome/repo/dist/.prerender/chunks/server_CWV0dHEJ.mjs:6389:14)
2026-07-07T13:43:09.188Z	    at renderStreaming (file:///opt/buildhome/repo/dist/.prerender/chunks/server_CWV0dHEJ.mjs:6446:4)
2026-07-07T13:43:09.189Z	    at Object.renderToStaticMarkup (file:///opt/buildhome/repo/dist/.prerender/prerender-entry.BPB8e_tb.mjs:1785:9)
2026-07-07T13:43:09.189Z	13:43:09 [ERROR] [build] Caught error rendering /friends: TypeError: Cannot read properties of undefined (reading 'replace')
2026-07-07T13:43:09.277Z	Cannot read properties of undefined (reading 'replace')
2026-07-07T13:43:09.277Z	  Hint:
2026-07-07T13:43:09.277Z	    This issue often occurs when your MDX component encounters runtime errors.
2026-07-07T13:43:09.277Z	  Stack trace:
2026-07-07T13:43:09.277Z	    at file:///opt/buildhome/repo/dist/.prerender/chunks/friends_HDDKNEFp.mjs:114:64
2026-07-07T13:43:09.277Z	    at _createMdxContent (file:///opt/buildhome/repo/dist/.prerender/chunks/friends_HDDKNEFp.mjs:102:10)
2026-07-07T13:43:09.277Z	    at Object.Content [as type] (file:///opt/buildhome/repo/dist/.prerender/chunks/friends_HDDKNEFp.mjs:307:31)
2026-07-07T13:43:09.277Z	    at renderJSX (file:///opt/buildhome/repo/dist/.prerender/chunks/server_CWV0dHEJ.mjs:6985:9)
2026-07-07T13:43:09.277Z	    at renderStreaming (file:///opt/buildhome/repo/dist/.prerender/chunks/server_CWV0dHEJ.mjs:6446:4)
2026-07-07T13:43:09.360Z	13:43:09   ├─ /friends/index.html ELIFECYCLE  Command failed with exit code 1.
2026-07-07T13:43:09.383Z	Failed: error occurred while running build command